<?xml version="1.0" encoding="UTF-8"?>
<robot generator="Robot 6.0.2 (Python 3.11.1 on win32)" generated="20230217 18:16:56.345" rpa="false" schemaversion="3">
<suite id="s1" name="Nav" source="C:\qaninja\twp-robot-appium\tests\nav.robot">
<test id="s1-t1" name="Deve acessar a tela Dialogs" line="12">
<kw name="Open Session" library="base" type="SETUP">
<kw name="Set Appium Timeout" library="AppiumLibrary">
<arg>5</arg>
<doc>Sets the timeout in seconds used by various keywords.</doc>
<status status="PASS" starttime="20230217 18:16:56.441" endtime="20230217 18:16:56.441"/>
</kw>
<kw name="Open Application" library="AppiumLibrary">
<arg>http://localhost:4723/wd/hub</arg>
<arg>automationName=UiAutomator2</arg>
<arg>platformName=Android</arg>
<arg>deviceName=Emulator</arg>
<arg>app=${EXECDIR}/app/twp.apk</arg>
<doc>Opens a new application to given Appium server.
Capabilities of appium server, Android and iOS,
Please check https://github.com/appium/appium/blob/master/docs/en/writing-running-appium/server-args.md
| *Option*            | *Man.* | *Description*     |
| remote_url          | Yes    | Appium server url |
| alias               | no     | alias             |
| strict_ssl          | No     | allows you to send commands to an invalid certificate host like a self-signed one. |</doc>
<status status="PASS" starttime="20230217 18:16:56.441" endtime="20230217 18:17:04.156"/>
</kw>
<status status="PASS" starttime="20230217 18:16:56.441" endtime="20230217 18:17:04.157"/>
</kw>
<kw name="Get Started" library="base">
<kw name="Wait Until Page Contains" library="AppiumLibrary">
<arg>${START}</arg>
<doc>Waits until `text` appears on current page.</doc>
<status status="PASS" starttime="20230217 18:17:04.157" endtime="20230217 18:17:08.384"/>
</kw>
<kw name="Click Text" library="AppiumLibrary">
<arg>${START}</arg>
<doc>Click text identified by ``text``.</doc>
<msg timestamp="20230217 18:17:08.655" level="INFO">xpath criteria: //*[contains(@text,"COMEÇAR")]</msg>
<status status="PASS" starttime="20230217 18:17:08.384" endtime="20230217 18:17:08.655"/>
</kw>
<status status="PASS" starttime="20230217 18:17:04.157" endtime="20230217 18:17:08.655"/>
</kw>
<kw name="Open Nav" library="base">
<kw name="Wait Until Element Is Visible" library="AppiumLibrary">
<arg>${HAMBURGER}</arg>
<doc>Waits until element specified with `locator` is visible.</doc>
<msg timestamp="20230217 18:17:10.845" level="INFO">xpath criteria: //android.widget.ImageButton[@content-desc="Open navigation drawer"]
xpath criteria: //android.widget.ImageButton[@content-desc="Open navigation drawer"]</msg>
<status status="PASS" starttime="20230217 18:17:08.656" endtime="20230217 18:17:10.845"/>
</kw>
<kw name="Click Element" library="AppiumLibrary">
<arg>${HAMBURGER}</arg>
<doc>Click element identified by `locator`.</doc>
<msg timestamp="20230217 18:17:10.846" level="INFO">Clicking element 'xpath=//android.widget.ImageButton[@content-desc="Open navigation drawer"]'.</msg>
<msg timestamp="20230217 18:17:10.895" level="INFO">xpath criteria: //android.widget.ImageButton[@content-desc="Open navigation drawer"]</msg>
<status status="PASS" starttime="20230217 18:17:10.845" endtime="20230217 18:17:10.895"/>
</kw>
<kw name="Wait Until Element Is Visible" library="AppiumLibrary">
<arg>${NAV_VIEW}</arg>
<doc>Waits until element specified with `locator` is visible.</doc>
<msg timestamp="20230217 18:17:11.875" level="INFO">criteria is io.qaninja.android.twp:id/navView
criteria is io.qaninja.android.twp:id/navView</msg>
<status status="PASS" starttime="20230217 18:17:10.895" endtime="20230217 18:17:11.875"/>
</kw>
<status status="PASS" starttime="20230217 18:17:08.655" endtime="20230217 18:17:11.875"/>
</kw>
<kw name="Click Text" library="AppiumLibrary">
<arg>DIALOGS</arg>
<doc>Click text identified by ``text``.</doc>
<msg timestamp="20230217 18:17:11.945" level="INFO">xpath criteria: //*[contains(@text,"DIALOGS")]</msg>
<status status="PASS" starttime="20230217 18:17:11.875" endtime="20230217 18:17:11.945"/>
</kw>
<kw name="Wait Until Element Is Visible" library="AppiumLibrary">
<arg>${TOOLBAR_TITLE}</arg>
<doc>Waits until element specified with `locator` is visible.</doc>
<msg timestamp="20230217 18:17:12.865" level="INFO">criteria is io.qaninja.android.twp:id/toolbarTitle</msg>
<status status="PASS" starttime="20230217 18:17:11.946" endtime="20230217 18:17:12.865"/>
</kw>
<kw name="Element Text Should Be" library="AppiumLibrary">
<arg>${TOOLBAR_TITLE}</arg>
<arg>DIALOGS</arg>
<doc>Verifies element identified by ``locator`` exactly contains text ``expected``.</doc>
<msg timestamp="20230217 18:17:12.867" level="INFO">Verifying element 'id=io.qaninja.android.twp:id/toolbarTitle' contains exactly text 'DIALOGS'.</msg>
<msg timestamp="20230217 18:17:12.889" level="INFO">criteria is io.qaninja.android.twp:id/toolbarTitle</msg>
<status status="PASS" starttime="20230217 18:17:12.866" endtime="20230217 18:17:12.889"/>
</kw>
<kw name="Close Session" library="base" type="TEARDOWN">
<kw name="Close Application" library="AppiumLibrary">
<doc>Closes the current application and also close webdriver session.</doc>
<status status="PASS" starttime="20230217 18:17:12.889" endtime="20230217 18:17:13.127"/>
</kw>
<status status="PASS" starttime="20230217 18:17:12.889" endtime="20230217 18:17:13.127"/>
</kw>
<status status="PASS" starttime="20230217 18:16:56.440" endtime="20230217 18:17:13.127"/>
</test>
<test id="s1-t2" name="Deve acessar a tela de Formulários" line="21">
<kw name="Open Session" library="base" type="SETUP">
<kw name="Set Appium Timeout" library="AppiumLibrary">
<arg>5</arg>
<doc>Sets the timeout in seconds used by various keywords.</doc>
<status status="PASS" starttime="20230217 18:17:13.129" endtime="20230217 18:17:13.129"/>
</kw>
<kw name="Open Application" library="AppiumLibrary">
<arg>http://localhost:4723/wd/hub</arg>
<arg>automationName=UiAutomator2</arg>
<arg>platformName=Android</arg>
<arg>deviceName=Emulator</arg>
<arg>app=${EXECDIR}/app/twp.apk</arg>
<doc>Opens a new application to given Appium server.
Capabilities of appium server, Android and iOS,
Please check https://github.com/appium/appium/blob/master/docs/en/writing-running-appium/server-args.md
| *Option*            | *Man.* | *Description*     |
| remote_url          | Yes    | Appium server url |
| alias               | no     | alias             |
| strict_ssl          | No     | allows you to send commands to an invalid certificate host like a self-signed one. |</doc>
<status status="PASS" starttime="20230217 18:17:13.129" endtime="20230217 18:17:20.712"/>
</kw>
<status status="PASS" starttime="20230217 18:17:13.128" endtime="20230217 18:17:20.712"/>
</kw>
<kw name="Get Started" library="base">
<kw name="Wait Until Page Contains" library="AppiumLibrary">
<arg>${START}</arg>
<doc>Waits until `text` appears on current page.</doc>
<status status="PASS" starttime="20230217 18:17:20.713" endtime="20230217 18:17:25.056"/>
</kw>
<kw name="Click Text" library="AppiumLibrary">
<arg>${START}</arg>
<doc>Click text identified by ``text``.</doc>
<msg timestamp="20230217 18:17:25.283" level="INFO">xpath criteria: //*[contains(@text,"COMEÇAR")]</msg>
<status status="PASS" starttime="20230217 18:17:25.056" endtime="20230217 18:17:25.283"/>
</kw>
<status status="PASS" starttime="20230217 18:17:20.713" endtime="20230217 18:17:25.283"/>
</kw>
<kw name="Open Nav" library="base">
<kw name="Wait Until Element Is Visible" library="AppiumLibrary">
<arg>${HAMBURGER}</arg>
<doc>Waits until element specified with `locator` is visible.</doc>
<msg timestamp="20230217 18:17:26.455" level="INFO">xpath criteria: //android.widget.ImageButton[@content-desc="Open navigation drawer"]
xpath criteria: //android.widget.ImageButton[@content-desc="Open navigation drawer"]</msg>
<status status="PASS" starttime="20230217 18:17:25.284" endtime="20230217 18:17:26.455"/>
</kw>
<kw name="Click Element" library="AppiumLibrary">
<arg>${HAMBURGER}</arg>
<doc>Click element identified by `locator`.</doc>
<msg timestamp="20230217 18:17:26.456" level="INFO">Clicking element 'xpath=//android.widget.ImageButton[@content-desc="Open navigation drawer"]'.</msg>
<msg timestamp="20230217 18:17:26.497" level="INFO">xpath criteria: //android.widget.ImageButton[@content-desc="Open navigation drawer"]</msg>
<status status="PASS" starttime="20230217 18:17:26.455" endtime="20230217 18:17:26.497"/>
</kw>
<kw name="Wait Until Element Is Visible" library="AppiumLibrary">
<arg>${NAV_VIEW}</arg>
<doc>Waits until element specified with `locator` is visible.</doc>
<msg timestamp="20230217 18:17:27.511" level="INFO">criteria is io.qaninja.android.twp:id/navView
criteria is io.qaninja.android.twp:id/navView</msg>
<status status="PASS" starttime="20230217 18:17:26.497" endtime="20230217 18:17:27.511"/>
</kw>
<status status="PASS" starttime="20230217 18:17:25.284" endtime="20230217 18:17:27.511"/>
</kw>
<kw name="Click Text" library="AppiumLibrary">
<arg>FORMS</arg>
<doc>Click text identified by ``text``.</doc>
<msg timestamp="20230217 18:17:27.582" level="INFO">xpath criteria: //*[contains(@text,"FORMS")]</msg>
<status status="PASS" starttime="20230217 18:17:27.511" endtime="20230217 18:17:27.582"/>
</kw>
<kw name="Wait Until Element Is Visible" library="AppiumLibrary">
<arg>${TOOLBAR_TITLE}</arg>
<doc>Waits until element specified with `locator` is visible.</doc>
<msg timestamp="20230217 18:17:28.535" level="INFO">criteria is io.qaninja.android.twp:id/toolbarTitle</msg>
<status status="PASS" starttime="20230217 18:17:27.583" endtime="20230217 18:17:28.535"/>
</kw>
<kw name="Element Text Should Be" library="AppiumLibrary">
<arg>${TOOLBAR_TITLE}</arg>
<arg>FORMS</arg>
<doc>Verifies element identified by ``locator`` exactly contains text ``expected``.</doc>
<msg timestamp="20230217 18:17:28.536" level="INFO">Verifying element 'id=io.qaninja.android.twp:id/toolbarTitle' contains exactly text 'FORMS'.</msg>
<msg timestamp="20230217 18:17:28.556" level="INFO">criteria is io.qaninja.android.twp:id/toolbarTitle</msg>
<status status="PASS" starttime="20230217 18:17:28.535" endtime="20230217 18:17:28.556"/>
</kw>
<kw name="Close Session" library="base" type="TEARDOWN">
<kw name="Close Application" library="AppiumLibrary">
<doc>Closes the current application and also close webdriver session.</doc>
<status status="PASS" starttime="20230217 18:17:28.557" endtime="20230217 18:17:28.779"/>
</kw>
<status status="PASS" starttime="20230217 18:17:28.557" endtime="20230217 18:17:28.779"/>
</kw>
<status status="PASS" starttime="20230217 18:17:13.128" endtime="20230217 18:17:28.779"/>
</test>
<test id="s1-t3" name="Deve acessar a tela de Vingadores" line="30">
<kw name="Open Session" library="base" type="SETUP">
<kw name="Set Appium Timeout" library="AppiumLibrary">
<arg>5</arg>
<doc>Sets the timeout in seconds used by various keywords.</doc>
<status status="PASS" starttime="20230217 18:17:28.780" endtime="20230217 18:17:28.780"/>
</kw>
<kw name="Open Application" library="AppiumLibrary">
<arg>http://localhost:4723/wd/hub</arg>
<arg>automationName=UiAutomator2</arg>
<arg>platformName=Android</arg>
<arg>deviceName=Emulator</arg>
<arg>app=${EXECDIR}/app/twp.apk</arg>
<doc>Opens a new application to given Appium server.
Capabilities of appium server, Android and iOS,
Please check https://github.com/appium/appium/blob/master/docs/en/writing-running-appium/server-args.md
| *Option*            | *Man.* | *Description*     |
| remote_url          | Yes    | Appium server url |
| alias               | no     | alias             |
| strict_ssl          | No     | allows you to send commands to an invalid certificate host like a self-signed one. |</doc>
<status status="PASS" starttime="20230217 18:17:28.780" endtime="20230217 18:17:36.540"/>
</kw>
<status status="PASS" starttime="20230217 18:17:28.780" endtime="20230217 18:17:36.540"/>
</kw>
<kw name="Get Started" library="base">
<kw name="Wait Until Page Contains" library="AppiumLibrary">
<arg>${START}</arg>
<doc>Waits until `text` appears on current page.</doc>
<status status="PASS" starttime="20230217 18:17:36.541" endtime="20230217 18:17:40.789"/>
</kw>
<kw name="Click Text" library="AppiumLibrary">
<arg>${START}</arg>
<doc>Click text identified by ``text``.</doc>
<msg timestamp="20230217 18:17:41.035" level="INFO">xpath criteria: //*[contains(@text,"COMEÇAR")]</msg>
<status status="PASS" starttime="20230217 18:17:40.790" endtime="20230217 18:17:41.036"/>
</kw>
<status status="PASS" starttime="20230217 18:17:36.540" endtime="20230217 18:17:41.036"/>
</kw>
<kw name="Open Nav" library="base">
<kw name="Wait Until Element Is Visible" library="AppiumLibrary">
<arg>${HAMBURGER}</arg>
<doc>Waits until element specified with `locator` is visible.</doc>
<msg timestamp="20230217 18:17:42.219" level="INFO">xpath criteria: //android.widget.ImageButton[@content-desc="Open navigation drawer"]
xpath criteria: //android.widget.ImageButton[@content-desc="Open navigation drawer"]</msg>
<status status="PASS" starttime="20230217 18:17:41.036" endtime="20230217 18:17:42.219"/>
</kw>
<kw name="Click Element" library="AppiumLibrary">
<arg>${HAMBURGER}</arg>
<doc>Click element identified by `locator`.</doc>
<msg timestamp="20230217 18:17:42.220" level="INFO">Clicking element 'xpath=//android.widget.ImageButton[@content-desc="Open navigation drawer"]'.</msg>
<msg timestamp="20230217 18:17:42.266" level="INFO">xpath criteria: //android.widget.ImageButton[@content-desc="Open navigation drawer"]</msg>
<status status="PASS" starttime="20230217 18:17:42.219" endtime="20230217 18:17:42.266"/>
</kw>
<kw name="Wait Until Element Is Visible" library="AppiumLibrary">
<arg>${NAV_VIEW}</arg>
<doc>Waits until element specified with `locator` is visible.</doc>
<msg timestamp="20230217 18:17:43.242" level="INFO">criteria is io.qaninja.android.twp:id/navView</msg>
<status status="PASS" starttime="20230217 18:17:42.266" endtime="20230217 18:17:43.242"/>
</kw>
<status status="PASS" starttime="20230217 18:17:41.036" endtime="20230217 18:17:43.242"/>
</kw>
<kw name="Click Text" library="AppiumLibrary">
<arg>AVENGERS</arg>
<doc>Click text identified by ``text``.</doc>
<msg timestamp="20230217 18:17:43.316" level="INFO">xpath criteria: //*[contains(@text,"AVENGERS")]</msg>
<status status="PASS" starttime="20230217 18:17:43.242" endtime="20230217 18:17:43.316"/>
</kw>
<kw name="Wait Until Element Is Visible" library="AppiumLibrary">
<arg>${TOOLBAR_TITLE}</arg>
<doc>Waits until element specified with `locator` is visible.</doc>
<msg timestamp="20230217 18:17:44.279" level="INFO">criteria is io.qaninja.android.twp:id/toolbarTitle</msg>
<status status="PASS" starttime="20230217 18:17:43.316" endtime="20230217 18:17:44.279"/>
</kw>
<kw name="Element Text Should Be" library="AppiumLibrary">
<arg>${TOOLBAR_TITLE}</arg>
<arg>AVENGERS</arg>
<doc>Verifies element identified by ``locator`` exactly contains text ``expected``.</doc>
<msg timestamp="20230217 18:17:44.281" level="INFO">Verifying element 'id=io.qaninja.android.twp:id/toolbarTitle' contains exactly text 'AVENGERS'.</msg>
<msg timestamp="20230217 18:17:44.304" level="INFO">criteria is io.qaninja.android.twp:id/toolbarTitle</msg>
<status status="PASS" starttime="20230217 18:17:44.280" endtime="20230217 18:17:44.304"/>
</kw>
<kw name="Close Session" library="base" type="TEARDOWN">
<kw name="Close Application" library="AppiumLibrary">
<doc>Closes the current application and also close webdriver session.</doc>
<status status="PASS" starttime="20230217 18:17:44.304" endtime="20230217 18:17:44.503"/>
</kw>
<status status="PASS" starttime="20230217 18:17:44.304" endtime="20230217 18:17:44.503"/>
</kw>
<status status="PASS" starttime="20230217 18:17:28.780" endtime="20230217 18:17:44.503"/>
</test>
<status status="PASS" starttime="20230217 18:16:56.346" endtime="20230217 18:17:44.504"/>
</suite>
<statistics>
<total>
<stat pass="3" fail="0" skip="0">All Tests</stat>
</total>
<tag>
</tag>
<suite>
<stat pass="3" fail="0" skip="0" id="s1" name="Nav">Nav</stat>
</suite>
</statistics>
<errors>
</errors>
</robot>
