<?xml version="1.0" encoding="UTF-8"?>
<robot generator="Robot 6.0.2 (Python 3.11.1 on win32)" generated="20230218 16:45:20.315" rpa="false" schemaversion="3">
<suite id="s1" name="Login" source="C:\qaninja\twp-robot-appium\tests\login.robot">
<test id="s1-t1" name="Deve logar com sucesso" line="9">
<kw name="Open Session" library="base" type="SETUP">
<kw name="Set Appium Timeout" library="AppiumLibrary">
<arg>5</arg>
<doc>Sets the timeout in seconds used by various keywords.</doc>
<status status="PASS" starttime="20230218 16:45:20.668" endtime="20230218 16:45:20.668"/>
</kw>
<kw name="Open Application" library="AppiumLibrary">
<arg>http://localhost:4723/wd/hub</arg>
<arg>automationName=UiAutomator2</arg>
<arg>platformName=Android</arg>
<arg>deviceName=Emulator</arg>
<arg>app=${EXECDIR}/app/twp.apk</arg>
<doc>Opens a new application to given Appium server.
Capabilities of appium server, Android and iOS,
Please check https://github.com/appium/appium/blob/master/docs/en/writing-running-appium/server-args.md
| *Option*            | *Man.* | *Description*     |
| remote_url          | Yes    | Appium server url |
| alias               | no     | alias             |
| strict_ssl          | No     | allows you to send commands to an invalid certificate host like a self-signed one. |</doc>
<status status="PASS" starttime="20230218 16:45:20.668" endtime="20230218 16:45:29.675"/>
</kw>
<kw name="Get Started" library="base">
<kw name="Wait Until Page Contains" library="AppiumLibrary">
<arg>${START}</arg>
<doc>Waits until `text` appears on current page.</doc>
<status status="PASS" starttime="20230218 16:45:29.675" endtime="20230218 16:45:33.817"/>
</kw>
<kw name="Click Text" library="AppiumLibrary">
<arg>${START}</arg>
<doc>Click text identified by ``text``.</doc>
<msg timestamp="20230218 16:45:34.080" level="INFO">xpath criteria: //*[contains(@text,"COMEÇAR")]</msg>
<status status="PASS" starttime="20230218 16:45:33.817" endtime="20230218 16:45:34.080"/>
</kw>
<status status="PASS" starttime="20230218 16:45:29.675" endtime="20230218 16:45:34.080"/>
</kw>
<status status="PASS" starttime="20230218 16:45:20.667" endtime="20230218 16:45:34.080"/>
</kw>
<kw name="Open Nav" library="base">
<kw name="Wait Until Element Is Visible" library="AppiumLibrary">
<arg>${HAMBURGER}</arg>
<doc>Waits until element specified with `locator` is visible.</doc>
<msg timestamp="20230218 16:45:35.255" level="INFO">xpath criteria: //android.widget.ImageButton[@content-desc="Open navigation drawer"]
xpath criteria: //android.widget.ImageButton[@content-desc="Open navigation drawer"]</msg>
<status status="PASS" starttime="20230218 16:45:34.081" endtime="20230218 16:45:35.255"/>
</kw>
<kw name="Click Element" library="AppiumLibrary">
<arg>${HAMBURGER}</arg>
<doc>Click element identified by `locator`.</doc>
<msg timestamp="20230218 16:45:35.256" level="INFO">Clicking element 'xpath=//android.widget.ImageButton[@content-desc="Open navigation drawer"]'.</msg>
<msg timestamp="20230218 16:45:35.302" level="INFO">xpath criteria: //android.widget.ImageButton[@content-desc="Open navigation drawer"]</msg>
<status status="PASS" starttime="20230218 16:45:35.255" endtime="20230218 16:45:35.302"/>
</kw>
<kw name="Wait Until Element Is Visible" library="AppiumLibrary">
<arg>${NAV_VIEW}</arg>
<doc>Waits until element specified with `locator` is visible.</doc>
<msg timestamp="20230218 16:45:36.286" level="INFO">criteria is io.qaninja.android.twp:id/navView</msg>
<status status="PASS" starttime="20230218 16:45:35.302" endtime="20230218 16:45:36.286"/>
</kw>
<status status="PASS" starttime="20230218 16:45:34.080" endtime="20230218 16:45:36.286"/>
</kw>
<kw name="Click Text" library="AppiumLibrary">
<arg>FORMS</arg>
<doc>Click text identified by ``text``.</doc>
<msg timestamp="20230218 16:45:36.359" level="INFO">xpath criteria: //*[contains(@text,"FORMS")]</msg>
<status status="PASS" starttime="20230218 16:45:36.286" endtime="20230218 16:45:36.359"/>
</kw>
<kw name="Wait Until Page Contains" library="AppiumLibrary">
<arg>FORMS</arg>
<doc>Waits until `text` appears on current page.</doc>
<status status="PASS" starttime="20230218 16:45:36.359" endtime="20230218 16:45:36.850"/>
</kw>
<kw name="Click Text" library="AppiumLibrary">
<arg>LOGIN</arg>
<doc>Click text identified by ``text``.</doc>
<msg timestamp="20230218 16:45:37.346" level="INFO">xpath criteria: //*[contains(@text,"LOGIN")]</msg>
<status status="PASS" starttime="20230218 16:45:36.850" endtime="20230218 16:45:37.346"/>
</kw>
<kw name="Wait Until Page Contains" library="AppiumLibrary">
<arg>Fala QA, vamos testar o login?</arg>
<doc>Waits until `text` appears on current page.</doc>
<status status="PASS" starttime="20230218 16:45:37.346" endtime="20230218 16:45:38.124"/>
</kw>
<kw name="Input Text" library="AppiumLibrary">
<arg>id=io.qaninja.android.twp:id/etEmail</arg>
<arg>eu@papito.io</arg>
<doc>Types the given `text` into text field identified by `locator`.</doc>
<msg timestamp="20230218 16:45:38.125" level="INFO">Typing text 'eu@papito.io' into text field 'id=io.qaninja.android.twp:id/etEmail'</msg>
<msg timestamp="20230218 16:45:38.176" level="INFO">criteria is io.qaninja.android.twp:id/etEmail</msg>
<status status="PASS" starttime="20230218 16:45:38.125" endtime="20230218 16:45:38.176"/>
</kw>
<kw name="Input Text" library="AppiumLibrary">
<arg>id=io.qaninja.android.twp:id/etPassword</arg>
<arg>qaninja</arg>
<doc>Types the given `text` into text field identified by `locator`.</doc>
<msg timestamp="20230218 16:45:38.177" level="INFO">Typing text 'qaninja' into text field 'id=io.qaninja.android.twp:id/etPassword'</msg>
<msg timestamp="20230218 16:45:39.224" level="INFO">criteria is io.qaninja.android.twp:id/etPassword</msg>
<status status="PASS" starttime="20230218 16:45:38.176" endtime="20230218 16:45:39.224"/>
</kw>
<kw name="Click Element" library="AppiumLibrary">
<arg>id=io.qaninja.android.twp:id/btnSubmit</arg>
<doc>Click element identified by `locator`.</doc>
<msg timestamp="20230218 16:45:39.225" level="INFO">Clicking element 'id=io.qaninja.android.twp:id/btnSubmit'.</msg>
<msg timestamp="20230218 16:45:39.735" level="INFO">criteria is io.qaninja.android.twp:id/btnSubmit</msg>
<status status="PASS" starttime="20230218 16:45:39.225" endtime="20230218 16:45:39.735"/>
</kw>
<kw name="Wait Until Page Contains" library="AppiumLibrary">
<arg>Show! Suas credenciais são validas.</arg>
<doc>Waits until `text` appears on current page.</doc>
<status status="PASS" starttime="20230218 16:45:39.736" endtime="20230218 16:45:39.793"/>
</kw>
<kw name="Close Application" library="AppiumLibrary" type="TEARDOWN">
<doc>Closes the current application and also close webdriver session.</doc>
<status status="PASS" starttime="20230218 16:45:39.793" endtime="20230218 16:45:40.177"/>
</kw>
<status status="PASS" starttime="20230218 16:45:20.667" endtime="20230218 16:45:40.178"/>
</test>
<status status="PASS" starttime="20230218 16:45:20.316" endtime="20230218 16:45:40.178"/>
</suite>
<statistics>
<total>
<stat pass="1" fail="0" skip="0">All Tests</stat>
</total>
<tag>
</tag>
<suite>
<stat pass="1" fail="0" skip="0" id="s1" name="Login">Login</stat>
</suite>
</statistics>
<errors>
</errors>
</robot>
